<?xml version="1.0" encoding="UTF-8"?>
<!-- Generated by org.testng.reporters.JUnitReportReporter -->
<testsuite skipped="0" hostname="DESKTOP-8JAPF7M" name="com.qa.he.tests.HomePageTest" tests="3" failures="0" timestamp="31 May 2019 10:00:55 GMT" time="2.333" errors="0">
  <testcase name="clickprofilrlink" time="1.265" classname="com.qa.he.tests.HomePageTest"/>
  <testcase name="edit" time="1.053" classname="com.qa.he.tests.HomePageTest"/>
  <testcase name="verifiPageTitle" time="0.015" classname="com.qa.he.tests.HomePageTest"/>
</testsuite> <!-- com.qa.he.tests.HomePageTest -->
