<?xml version="1.0" encoding="UTF-8"?>
<!-- Generated by org.testng.reporters.JUnitReportReporter -->
<testsuite skipped="0" hostname="DESKTOP-8JAPF7M" name="com.qa.he.tests.LoginPageTest" tests="2" failures="0" timestamp="30 May 2019 09:57:05 GMT" time="1.647" errors="0">
  <testcase name="LoginProps" time="0.533" classname="com.qa.he.tests.LoginPageTest"/>
  <testcase name="getErrors" time="1.114" classname="com.qa.he.tests.LoginPageTest"/>
</testsuite> <!-- com.qa.he.tests.LoginPageTest -->
